2016-05-03 10:26:39 INFO  - 'Administrator has been set up in input text
2016-05-03 10:26:40 INFO  - 'Control*123 has been set up in input text
2016-05-03 10:26:40 INFO  - Button has been clicked
2016-05-03 10:26:41 INFO  - Click on resource menu
2016-05-03 10:26:41 INFO  - Button has been clicked
2016-05-03 10:26:42 INFO  - Button has been clicked
2016-05-03 10:26:43 INFO  - 'nada' has been set
2016-05-03 10:26:44 INFO  - 'nada has been set up in 
2016-05-03 10:26:45 INFO  - 'New Computer has been set up in 
2016-05-03 10:26:46 INFO  - 'Icon' button has been selected
2016-05-03 10:26:46 INFO  - 'Save' button has been clicked
2016-05-03 10:26:48 INFO  - Button has been clicked
2016-05-03 10:26:48 INFO  - Click on resource menu
2016-05-03 10:26:49 INFO  - Button has been clicked
2016-05-03 10:26:49 INFO  - [TRUE] Resource nada exists
2016-05-03 10:26:50 INFO  - GET Response:OK
2016-05-03 10:26:50 INFO  - Deleting by API:http://172.20.208.84:4040/resources/5728b5264471387c18d3035d
2016-05-03 10:26:50 INFO  - DELETE Response:{"_id":"5728b5264471387c18d3035d","description":"New Computer","name":"nada","__v":0,"from":"","fontIcon":"fa fa-eye","customName":"nada"}
2016-05-03 10:26:50 INFO  - POST Response:{"_id":"5728b52a4471387c18d3035e","description":"TestResource","name":"TestResource","__v":0,"from":"","fontIcon":"fa fa-fire","customName":"TestResource"}
2016-05-03 10:26:50 INFO  - 'SamuelSahonero has been set up in input text
2016-05-03 10:26:51 INFO  - 'Control123! has been set up in input text
2016-05-03 10:26:51 INFO  - Button has been clicked
2016-05-03 10:26:53 INFO  - Button has been clicked
2016-05-03 10:26:53 INFO  - Click on resource menu
2016-05-03 10:26:54 INFO  - Button has been clicked
2016-05-03 10:26:54 INFO  - Button has been clicked
2016-05-03 10:26:54 INFO  - Button has been clicked
2016-05-03 10:26:55 INFO  - Button has been clicked
2016-05-03 10:26:55 INFO  - Button has been clicked
2016-05-03 10:26:55 INFO  - Click on resource menu
2016-05-03 10:26:56 INFO  - Button has been clicked
2016-05-03 10:26:56 ERROR - [FALSE] Resource TestResource doesn't exist
2016-05-03 10:26:56 INFO  - POST Response:{"_id":"5728b5304471387c18d3035f","description":"You are on fire","name":"Fire","__v":0,"from":"","fontIcon":"fa fa-fire","customName":"Fire-Ball"}
2016-05-03 10:26:56 INFO  - Button has been clicked
2016-05-03 10:26:58 INFO  - Button has been clicked
2016-05-03 10:26:58 INFO  - Click on resource menu
2016-05-03 10:26:59 INFO  - Button has been clicked
2016-05-03 10:26:59 INFO  - 'Fire has been set up in input text
2016-05-03 10:27:00 INFO  - [TRUE] Resource Fire exists
2016-05-03 10:27:00 INFO  - Deleting by API:http://172.20.208.84:4040/resources/5728b5304471387c18d3035f
2016-05-03 10:27:00 INFO  - DELETE Response:{"_id":"5728b5304471387c18d3035f","description":"You are on fire","name":"Fire","__v":0,"from":"","fontIcon":"fa fa-fire","customName":"Fire-Ball"}
2016-05-03 10:27:00 INFO  - POST Response:{"_id":"5728b5334471387c18d30360","description":"Resource12345","name":"Resource12345","__v":0,"from":"","fontIcon":"fa fa-desktop","customName":"Resource12345"}
2016-05-03 10:27:00 INFO  - 'Administrator has been set up in input text
2016-05-03 10:27:00 INFO  - 'Control*123 has been set up in input text
2016-05-03 10:27:01 INFO  - Button has been clicked
2016-05-03 10:27:02 INFO  - Button has been clicked
2016-05-03 10:27:02 INFO  - Click on resource menu
2016-05-03 10:27:03 INFO  - Button has been clicked
2016-05-03 10:27:04 INFO  - Element of the list has been selected for edit changes.
2016-05-03 10:27:04 ERROR - Double click on Resource Resource12345
2016-05-03 10:27:05 INFO  - 'cscjiejfiejfiejfiejfiejfiejfiejfyytytytyt has been set up in input text
2016-05-03 10:27:05 INFO  - Button has been clicked
2016-05-03 10:27:05 INFO  - Button has been clicked
2016-05-03 10:27:05 INFO  - Click on resource menu
2016-05-03 10:27:06 INFO  - Button has been clicked
2016-05-03 10:27:06 INFO  - [TRUE] Resource cscjiejfiejfiejfiejfiejfiejfiejfyytytytyt exists
2016-05-03 10:27:06 INFO  - Deleting by API:http://172.20.208.84:4040/resources/5728b5334471387c18d30360
2016-05-03 10:27:06 INFO  - DELETE Response:{"_id":"5728b5334471387c18d30360","description":"Resource12345","name":"cscjiejfiejfiejfiejfiejfiejfiejfyytytytyt","__v":0,"from":"","fontIcon":"fa fa-desktop","customName":"Resource12345"}
2016-05-03 10:27:08 INFO  - Button has been clicked
2016-05-03 10:27:08 INFO  - Click on resource menu
2016-05-03 10:27:08 INFO  - Button has been clicked
2016-05-03 10:47:50 INFO  - 'Administrator has been set up in input text
2016-05-03 10:47:50 INFO  - 'Control*123 has been set up in input text
2016-05-03 10:47:50 INFO  - Button has been clicked
2016-05-03 10:47:50 INFO  - Click on resource menu
2016-05-03 10:47:52 INFO  - Button has been clicked
2016-05-03 10:47:52 INFO  - Button has been clicked
2016-05-03 10:47:53 INFO  - 'nada' has been set
2016-05-03 10:47:53 INFO  - 'nada has been set up in 
2016-05-03 10:47:54 INFO  - 'New Computer has been set up in 
2016-05-03 10:47:55 INFO  - 'Icon' button has been selected
2016-05-03 10:47:55 INFO  - 'Save' button has been clicked
2016-05-03 10:47:58 INFO  - Button has been clicked
2016-05-03 10:47:58 INFO  - Click on resource menu
2016-05-03 10:47:59 INFO  - Button has been clicked
2016-05-03 10:47:59 INFO  - [TRUE] Resource nada exists
2016-05-03 10:47:59 INFO  - GET Response:OK
2016-05-03 10:47:59 INFO  - Deleting by API:http://172.20.208.84:4040/resources/5728ba1b4471387c18d3036a
2016-05-03 10:47:59 INFO  - DELETE Response:{"_id":"5728ba1b4471387c18d3036a","description":"New Computer","name":"nada","__v":0,"from":"","fontIcon":"fa fa-eye","customName":"nada"}
2016-05-03 10:47:59 INFO  - POST Response:{"_id":"5728ba1f4471387c18d3036b","description":"TestResource","name":"TestResource","__v":0,"from":"","fontIcon":"fa fa-fire","customName":"TestResource"}
2016-05-03 10:47:59 INFO  - 'SamuelSahonero has been set up in input text
2016-05-03 10:48:00 INFO  - 'Control123! has been set up in input text
2016-05-03 10:48:00 INFO  - Button has been clicked
2016-05-03 10:48:02 INFO  - Button has been clicked
2016-05-03 10:48:02 INFO  - Click on resource menu
2016-05-03 10:48:02 INFO  - Button has been clicked
2016-05-03 10:48:02 INFO  - Button has been clicked
2016-05-03 10:48:03 INFO  - Button has been clicked
2016-05-03 10:48:03 INFO  - Button has been clicked
2016-05-03 10:48:04 INFO  - Button has been clicked
2016-05-03 10:48:04 INFO  - Click on resource menu
2016-05-03 10:48:04 INFO  - Button has been clicked
2016-05-03 10:48:24 ERROR - [FALSE] Resource TestResource doesn't exist
2016-05-03 10:48:24 INFO  - POST Response:{"_id":"5728ba384471387c18d3036c","description":"You are on fire","name":"Fire","__v":0,"from":"","fontIcon":"fa fa-fire","customName":"Fire-Ball"}
2016-05-03 10:48:25 INFO  - Button has been clicked
2016-05-03 10:48:26 INFO  - Button has been clicked
2016-05-03 10:48:26 INFO  - Click on resource menu
2016-05-03 10:48:27 INFO  - Button has been clicked
2016-05-03 10:48:27 INFO  - 'Fire has been set up in input text
2016-05-03 10:48:27 INFO  - [TRUE] Resource Fire exists
2016-05-03 10:48:27 INFO  - Deleting by API:http://172.20.208.84:4040/resources/5728ba384471387c18d3036c
2016-05-03 10:48:27 INFO  - DELETE Response:{"_id":"5728ba384471387c18d3036c","description":"You are on fire","name":"Fire","__v":0,"from":"","fontIcon":"fa fa-fire","customName":"Fire-Ball"}
2016-05-03 10:48:27 INFO  - POST Response:{"_id":"5728ba3b4471387c18d3036d","description":"Resource12345","name":"Resource12345","__v":0,"from":"","fontIcon":"fa fa-desktop","customName":"Resource12345"}
2016-05-03 10:48:28 INFO  - 'Administrator has been set up in input text
2016-05-03 10:48:28 INFO  - 'Control*123 has been set up in input text
2016-05-03 10:48:28 INFO  - Button has been clicked
2016-05-03 10:48:30 INFO  - Button has been clicked
2016-05-03 10:48:30 INFO  - Click on resource menu
2016-05-03 10:48:30 INFO  - Button has been clicked
2016-05-03 10:48:31 INFO  - Element of the list has been selected for edit changes.
2016-05-03 10:48:31 ERROR - Double click on Resource Resource12345
2016-05-03 10:48:32 INFO  - 'cscjiejfiejfiejfiejfiejfiejfiejfyytytytyt has been set up in input text
2016-05-03 10:48:32 INFO  - Button has been clicked
2016-05-03 10:48:32 INFO  - Button has been clicked
2016-05-03 10:48:32 INFO  - Click on resource menu
2016-05-03 10:48:33 INFO  - Button has been clicked
2016-05-03 10:48:33 INFO  - [TRUE] Resource cscjiejfiejfiejfiejfiejfiejfiejfyytytytyt exists
2016-05-03 10:48:33 INFO  - Deleting by API:http://172.20.208.84:4040/resources/5728ba3b4471387c18d3036d
2016-05-03 10:48:33 INFO  - DELETE Response:{"_id":"5728ba3b4471387c18d3036d","description":"Resource12345","name":"cscjiejfiejfiejfiejfiejfiejfiejfyytytytyt","__v":0,"from":"","fontIcon":"fa fa-desktop","customName":"Resource12345"}
2016-05-03 10:48:35 INFO  - Button has been clicked
2016-05-03 10:48:35 INFO  - Click on resource menu
2016-05-03 10:48:36 INFO  - Button has been clicked
2016-05-03 10:52:57 INFO  - 'Administrator has been set up in input text
2016-05-03 10:52:58 INFO  - 'Control*123 has been set up in input text
2016-05-03 10:52:58 INFO  - Button has been clicked
2016-05-03 10:53:00 INFO  - Click on resource menu
2016-05-03 10:53:00 INFO  - Button has been clicked
2016-05-03 10:53:01 INFO  - Button has been clicked
2016-05-03 10:53:02 INFO  - 'nada' has been set
2016-05-03 10:53:02 INFO  - 'nada has been set up in 
2016-05-03 10:53:03 INFO  - 'New Computer has been set up in 
2016-05-03 10:53:03 INFO  - 'Icon' button has been selected
2016-05-03 10:53:04 INFO  - 'Save' button has been clicked
2016-05-03 10:53:06 INFO  - Button has been clicked
2016-05-03 10:53:06 INFO  - Click on resource menu
2016-05-03 10:53:07 INFO  - Button has been clicked
2016-05-03 10:53:07 INFO  - [TRUE] Resource nada exists
2016-05-03 10:53:07 INFO  - GET Response:OK
2016-05-03 10:53:07 INFO  - Deleting by API:http://172.20.208.84:4040/resources/5728bb504471387c18d3036e
2016-05-03 10:53:07 INFO  - DELETE Response:{"_id":"5728bb504471387c18d3036e","description":"New Computer","name":"nada","__v":0,"from":"","fontIcon":"fa fa-eye","customName":"nada"}
2016-05-03 10:54:46 INFO  - 'Administrator has been set up in input text
2016-05-03 10:54:46 INFO  - 'Control*123 has been set up in input text
2016-05-03 10:54:47 INFO  - Button has been clicked
2016-05-03 10:54:49 INFO  - Click on resource menu
2016-05-03 10:54:49 INFO  - Button has been clicked
2016-05-03 10:54:49 INFO  - Button has been clicked
2016-05-03 10:54:50 INFO  - 'nada' has been set
2016-05-03 10:54:51 INFO  - 'nada has been set up in 
2016-05-03 10:54:52 INFO  - 'New Computer has been set up in 
2016-05-03 10:54:53 INFO  - 'Icon' button has been selected
2016-05-03 10:54:53 INFO  - 'Save' button has been clicked
2016-05-03 10:54:56 INFO  - Button has been clicked
2016-05-03 10:54:56 INFO  - Click on resource menu
2016-05-03 10:54:56 INFO  - Button has been clicked
2016-05-03 10:54:56 INFO  - [TRUE] Resource nada exists
2016-05-03 10:54:57 INFO  - GET Response:OK
2016-05-03 10:54:57 INFO  - Deleting by API:http://172.20.208.84:4040/resources/5728bbbd4471387c18d3036f
2016-05-03 10:54:57 INFO  - DELETE Response:{"_id":"5728bbbd4471387c18d3036f","description":"New Computer","name":"nada","__v":0,"from":"","fontIcon":"fa fa-eye","customName":"nada"}
2016-05-03 11:01:29 INFO  - 'Administrator has been set up in input text
2016-05-03 11:01:30 INFO  - 'Control*123 has been set up in input text
2016-05-03 11:01:30 INFO  - Button has been clicked
2016-05-03 11:01:31 INFO  - Click on resource menu
2016-05-03 11:01:32 INFO  - Button has been clicked
2016-05-03 11:01:32 INFO  - Button has been clicked
2016-05-03 11:01:34 INFO  - 'nada' has been set
2016-05-03 11:01:34 INFO  - 'nada has been set up in 
2016-05-03 11:01:34 INFO  - 'New Computer has been set up in 
2016-05-03 11:01:35 INFO  - 'Icon' button has been selected
2016-05-03 11:01:35 INFO  - 'Save' button has been clicked
2016-05-03 11:01:38 INFO  - Button has been clicked
2016-05-03 11:01:38 INFO  - Click on resource menu
2016-05-03 11:01:39 INFO  - Button has been clicked
2016-05-03 11:01:39 INFO  - [TRUE] Resource nada exists
2016-05-03 11:01:39 INFO  - GET Response:OK
2016-05-03 11:01:39 INFO  - Deleting by API:http://172.20.208.84:4040/resources/5728bd4f4471387c18d30375
2016-05-03 11:01:39 INFO  - DELETE Response:{"_id":"5728bd4f4471387c18d30375","description":"New Computer","name":"nada","__v":0,"from":"","fontIcon":"fa fa-eye","customName":"nada"}
2016-05-03 11:02:43 INFO  - 'Administrator has been set up in input text
2016-05-03 11:02:44 INFO  - 'Control*123 has been set up in input text
2016-05-03 11:02:44 INFO  - Button has been clicked
2016-05-03 11:02:46 INFO  - Click on resource menu
2016-05-03 11:02:46 INFO  - Button has been clicked
2016-05-03 11:02:46 INFO  - Button has been clicked
2016-05-03 11:02:48 INFO  - 'nada' has been set
2016-05-03 11:02:48 INFO  - 'nada has been set up in 
2016-05-03 11:02:49 INFO  - 'New Computer has been set up in 
2016-05-03 11:02:50 INFO  - 'Icon' button has been selected
2016-05-03 11:02:50 INFO  - 'Save' button has been clicked
2016-05-03 11:02:53 INFO  - Button has been clicked
2016-05-03 11:02:53 INFO  - Click on resource menu
2016-05-03 11:02:53 INFO  - Button has been clicked
2016-05-03 11:02:53 INFO  - [TRUE] Resource nada exists
2016-05-03 11:02:54 INFO  - GET Response:OK
2016-05-03 11:02:54 INFO  - Deleting by API:http://172.20.208.84:4040/resources/5728bd9a4471387c18d30376
2016-05-03 11:02:54 INFO  - DELETE Response:{"_id":"5728bd9a4471387c18d30376","description":"New Computer","name":"nada","__v":0,"from":"","fontIcon":"fa fa-eye","customName":"nada"}
2016-05-03 11:19:12 INFO  - 'Administrator has been set up in input text
2016-05-03 11:19:12 INFO  - 'Control*123 has been set up in input text
2016-05-03 11:19:13 INFO  - Button has been clicked
2016-05-03 11:19:15 INFO  - Click on resource menu
2016-05-03 11:19:15 INFO  - Button has been clicked
2016-05-03 11:19:16 INFO  - Button has been clicked
2016-05-03 11:19:17 INFO  - 'nada' has been set
2016-05-03 11:19:17 INFO  - 'nada has been set up in 
2016-05-03 11:19:18 INFO  - 'New Computer has been set up in 
2016-05-03 11:19:19 INFO  - 'Icon' button has been selected
2016-05-03 11:19:20 INFO  - 'Save' button has been clicked
2016-05-03 11:19:22 INFO  - Button has been clicked
2016-05-03 11:19:22 INFO  - Click on resource menu
2016-05-03 11:19:22 INFO  - Button has been clicked
2016-05-03 11:19:23 INFO  - [TRUE] Resource nada exists
2016-05-03 11:19:23 INFO  - GET Response:OK
2016-05-03 11:19:23 INFO  - Deleting by API:http://172.20.208.84:4040/resources/5728c1774471387c18d3037b
2016-05-03 11:19:23 INFO  - DELETE Response:{"_id":"5728c1774471387c18d3037b","description":"New Computer","name":"nada","__v":0,"from":"","fontIcon":"fa fa-eye","customName":"nada"}
2016-05-03 11:33:11 INFO  - 'Administrator has been set up in input text
2016-05-03 11:33:11 INFO  - 'Control*123 has been set up in input text
2016-05-03 11:33:12 INFO  - Button has been clicked
2016-05-03 11:33:13 INFO  - Click on resource menu
2016-05-03 11:33:13 INFO  - Button has been clicked
2016-05-03 11:33:15 INFO  - Button has been clicked
2016-05-03 11:33:15 INFO  - 'nada' has been set
2016-05-03 11:33:16 INFO  - 'nada has been set up in 
2016-05-03 11:33:17 INFO  - 'New Computer has been set up in 
2016-05-03 11:33:18 INFO  - 'Icon' button has been selected
2016-05-03 11:33:18 INFO  - 'Save' button has been clicked
2016-05-03 11:33:20 INFO  - Button has been clicked
2016-05-03 11:33:20 INFO  - Click on resource menu
2016-05-03 11:33:21 INFO  - Button has been clicked
2016-05-03 11:33:21 INFO  - [TRUE] Resource nada exists
2016-05-03 11:33:23 INFO  - GET Response:OK
2016-05-03 11:33:23 INFO  - Deleting by API:http://172.20.208.84:4040/resources/5728c4be4471387c18d3037d
2016-05-03 11:33:23 INFO  - DELETE Response:{"_id":"5728c4be4471387c18d3037d","description":"New Computer","name":"nada","__v":0,"from":"","fontIcon":"fa fa-eye","customName":"nada"}
2016-05-03 11:35:33 INFO  - 'Administrator has been set up in input text
2016-05-03 11:35:34 INFO  - 'Control*123 has been set up in input text
2016-05-03 11:35:35 INFO  - Button has been clicked
2016-05-03 11:35:41 INFO  - Click on resource menu
2016-05-03 11:35:41 INFO  - Button has been clicked
2016-05-03 11:35:42 INFO  - Button has been clicked
2016-05-03 11:35:43 INFO  - 'nada' has been set
2016-05-03 11:35:44 INFO  - 'nada has been set up in 
2016-05-03 11:35:46 INFO  - 'New Computer has been set up in 
2016-05-03 11:35:46 INFO  - 'Icon' button has been selected
2016-05-03 11:35:47 INFO  - 'Save' button has been clicked
2016-05-03 11:35:50 INFO  - Button has been clicked
2016-05-03 11:35:50 INFO  - Click on resource menu
2016-05-03 11:35:51 INFO  - Button has been clicked
2016-05-03 11:35:51 INFO  - [TRUE] Resource nada exists
2016-05-03 11:35:52 INFO  - GET Response:OK
2016-05-03 11:35:52 INFO  - Deleting by API:http://172.20.208.84:4040/resources/5728c5534471387c18d3037e
2016-05-03 11:35:52 INFO  - DELETE Response:{"_id":"5728c5534471387c18d3037e","description":"New Computer","name":"nada","__v":0,"from":"","fontIcon":"fa fa-eye","customName":"nada"}
2016-05-03 11:38:58 INFO  - 'Administrator has been set up in input text
2016-05-03 11:38:59 INFO  - 'Control*123 has been set up in input text
2016-05-03 11:38:59 INFO  - Button has been clicked
2016-05-03 11:39:01 INFO  - Click on resource menu
2016-05-03 11:39:01 INFO  - Button has been clicked
2016-05-03 11:39:02 INFO  - Button has been clicked
2016-05-03 11:39:03 INFO  - 'nada' has been set
2016-05-03 11:39:04 INFO  - 'nada has been set up in 
2016-05-03 11:39:04 INFO  - 'New Computer has been set up in 
2016-05-03 11:39:05 INFO  - 'Icon' button has been selected
2016-05-03 11:39:06 INFO  - 'Save' button has been clicked
2016-05-03 11:39:09 INFO  - Button has been clicked
2016-05-03 11:39:09 INFO  - Click on resource menu
2016-05-03 11:39:09 INFO  - Button has been clicked
2016-05-03 11:39:09 INFO  - [TRUE] Resource nada exists
2016-05-03 11:39:10 INFO  - GET Response:OK
2016-05-03 11:39:10 INFO  - Deleting by API:http://172.20.208.84:4040/resources/5728c6194471387c18d3037f
2016-05-03 11:39:10 INFO  - DELETE Response:{"_id":"5728c6194471387c18d3037f","description":"New Computer","name":"nada","__v":0,"from":"","fontIcon":"fa fa-eye","customName":"nada"}
2016-05-03 11:40:55 INFO  - 'Administrator has been set up in input text
2016-05-03 11:40:55 INFO  - 'Control*123 has been set up in input text
2016-05-03 11:40:55 INFO  - Button has been clicked
2016-05-03 11:40:57 INFO  - Click on resource menu
2016-05-03 11:40:57 INFO  - Button has been clicked
2016-05-03 11:40:59 INFO  - Button has been clicked
2016-05-03 11:41:00 INFO  - 'nada' has been set
2016-05-03 11:41:01 INFO  - 'nada has been set up in 
2016-05-03 11:41:01 INFO  - 'New Computer has been set up in 
2016-05-03 11:41:02 INFO  - 'Icon' button has been selected
2016-05-03 11:41:02 INFO  - 'Save' button has been clicked
2016-05-03 11:41:06 INFO  - Button has been clicked
2016-05-03 11:41:06 INFO  - Click on resource menu
2016-05-03 11:41:07 INFO  - Button has been clicked
2016-05-03 11:41:07 INFO  - [TRUE] Resource nada exists
2016-05-03 11:41:07 INFO  - GET Response:OK
2016-05-03 11:41:07 INFO  - Deleting by API:http://172.20.208.84:4040/resources/5728c68e4471387c18d30380
2016-05-03 11:41:07 INFO  - DELETE Response:{"_id":"5728c68e4471387c18d30380","description":"New Computer","name":"nada","__v":0,"from":"","fontIcon":"fa fa-eye","customName":"nada"}
2016-05-03 11:41:11 INFO  - POST Response:{"_id":"5728c6974471387c18d30382","description":"TestResource","name":"TestResource","__v":0,"from":"","fontIcon":"fa fa-fire","customName":"TestResource"}
2016-05-03 11:41:11 INFO  - 'SamuelSahonero has been set up in input text
2016-05-03 11:41:12 INFO  - 'Control123! has been set up in input text
2016-05-03 11:41:12 INFO  - Button has been clicked
2016-05-03 11:41:14 INFO  - Button has been clicked
2016-05-03 11:41:14 INFO  - Click on resource menu
2016-05-03 11:41:14 INFO  - Button has been clicked
2016-05-03 11:41:15 INFO  - Button has been clicked
2016-05-03 11:41:15 INFO  - Button has been clicked
2016-05-03 11:41:16 INFO  - Button has been clicked
2016-05-03 11:41:16 INFO  - Button has been clicked
2016-05-03 11:41:16 INFO  - Click on resource menu
2016-05-03 11:41:17 INFO  - Button has been clicked
2016-05-03 11:41:17 ERROR - [FALSE] Resource TestResource doesn't exist
2016-05-03 11:41:18 INFO  - POST Response:{"_id":"5728c69e4471387c18d30383","description":"You are on fire","name":"Fire","__v":0,"from":"","fontIcon":"fa fa-fire","customName":"Fire-Ball"}
2016-05-03 11:41:18 INFO  - Button has been clicked
2016-05-03 11:41:20 INFO  - Button has been clicked
2016-05-03 11:41:20 INFO  - Click on resource menu
2016-05-03 11:41:21 INFO  - Button has been clicked
2016-05-03 11:41:21 INFO  - 'Fire has been set up in input text
2016-05-03 11:41:28 ERROR - [FALSE] Resource Fire doesn't exist
2016-05-03 11:41:48 INFO  - POST Response:{"_id":"5728c6bc4471387c18d30384","description":"Resource12345","name":"Resource12345","__v":0,"from":"","fontIcon":"fa fa-desktop","customName":"Resource12345"}
2016-05-03 11:41:48 INFO  - 'Administrator has been set up in input text
2016-05-03 11:41:49 INFO  - 'Control*123 has been set up in input text
2016-05-03 11:41:50 INFO  - Button has been clicked
2016-05-03 11:41:52 INFO  - Button has been clicked
2016-05-03 11:41:52 INFO  - Click on resource menu
2016-05-03 11:41:53 INFO  - Button has been clicked
2016-05-03 11:41:55 INFO  - Element of the list has been selected for edit changes.
2016-05-03 11:41:55 ERROR - Double click on Resource Resource12345
2016-05-03 11:41:56 INFO  - 'cscjiejfiejfiejfiejfiejfiejfiejfyytytytyt has been set up in input text
2016-05-03 11:41:57 INFO  - Button has been clicked
2016-05-03 11:41:57 INFO  - Button has been clicked
2016-05-03 11:41:57 INFO  - Click on resource menu
2016-05-03 11:41:58 INFO  - Button has been clicked
2016-05-03 11:41:58 INFO  - [TRUE] Resource cscjiejfiejfiejfiejfiejfiejfiejfyytytytyt exists
2016-05-03 11:41:58 INFO  - Deleting by API:http://172.20.208.84:4040/resources/5728c6bc4471387c18d30384
2016-05-03 11:41:58 INFO  - DELETE Response:{"_id":"5728c6bc4471387c18d30384","description":"Resource12345","name":"cscjiejfiejfiejfiejfiejfiejfiejfyytytytyt","__v":0,"from":"","fontIcon":"fa fa-desktop","customName":"Resource12345"}
2016-05-03 11:42:00 INFO  - Button has been clicked
2016-05-03 11:42:00 INFO  - Click on resource menu
2016-05-03 11:42:01 INFO  - Button has been clicked
2016-05-03 11:46:55 INFO  - 'Administrator has been set up in input text
2016-05-03 11:46:56 INFO  - 'Control*123 has been set up in input text
2016-05-03 11:46:56 INFO  - Button has been clicked
2016-05-03 11:46:58 INFO  - Click on resource menu
2016-05-03 11:46:58 INFO  - Button has been clicked
2016-05-03 11:46:59 INFO  - Button has been clicked
2016-05-03 11:47:00 INFO  - 'nada' has been set
2016-05-03 11:47:01 INFO  - 'nada has been set up in 
2016-05-03 11:47:02 INFO  - 'New Computer has been set up in 
2016-05-03 11:47:02 INFO  - 'Icon' button has been selected
2016-05-03 11:47:03 INFO  - 'Save' button has been clicked
2016-05-03 11:47:06 INFO  - Button has been clicked
2016-05-03 11:47:06 INFO  - Click on resource menu
2016-05-03 11:47:06 INFO  - Button has been clicked
2016-05-03 11:47:06 INFO  - [TRUE] Resource nada exists
2016-05-03 11:47:07 INFO  - GET Response:OK
2016-05-03 11:47:07 INFO  - Deleting by API:http://172.20.208.84:4040/resources/5728c7f74471387c18d30385
2016-05-03 11:47:07 INFO  - DELETE Response:{"_id":"5728c7f74471387c18d30385","description":"New Computer","name":"nada","__v":0,"from":"","fontIcon":"fa fa-eye","customName":"nada"}
2016-05-03 11:47:09 INFO  - POST Response:{"_id":"5728c7fd4471387c18d30386","description":"TestResource","name":"TestResource","__v":0,"from":"","fontIcon":"fa fa-fire","customName":"TestResource"}
2016-05-03 11:47:09 INFO  - 'SamuelSahonero has been set up in input text
2016-05-03 11:47:10 INFO  - 'Control123! has been set up in input text
2016-05-03 11:47:10 INFO  - Button has been clicked
2016-05-03 11:47:12 INFO  - Button has been clicked
2016-05-03 11:47:12 INFO  - Click on resource menu
2016-05-03 11:47:13 INFO  - Button has been clicked
2016-05-03 11:47:13 INFO  - Button has been clicked
2016-05-03 11:47:14 INFO  - Button has been clicked
2016-05-03 11:47:15 INFO  - Button has been clicked
2016-05-03 11:47:15 INFO  - Button has been clicked
2016-05-03 11:47:15 INFO  - Click on resource menu
2016-05-03 11:47:16 INFO  - Button has been clicked
2016-05-03 11:47:16 ERROR - [FALSE] Resource TestResource doesn't exist
2016-05-03 11:47:16 INFO  - POST Response:{"message":"","code":"InternalServerError"}
2016-05-03 11:47:17 INFO  - POST Response:{"_id":"5728c8054471387c18d30388","description":"Resource12345","name":"Resource12345","__v":0,"from":"","fontIcon":"fa fa-desktop","customName":"Resource12345"}
2016-05-03 11:47:18 INFO  - 'Administrator has been set up in input text
2016-05-03 11:47:18 INFO  - 'Control*123 has been set up in input text
2016-05-03 11:47:18 INFO  - Button has been clicked
2016-05-03 11:47:20 INFO  - Button has been clicked
2016-05-03 11:47:20 INFO  - Click on resource menu
2016-05-03 11:47:21 INFO  - Button has been clicked
2016-05-03 11:47:22 INFO  - Element of the list has been selected for edit changes.
2016-05-03 11:47:22 ERROR - Double click on Resource Resource12345
2016-05-03 11:47:23 INFO  - 'cscjiejfiejfiejfiejfiejfiejfiejfyytytytyt has been set up in input text
2016-05-03 11:47:23 INFO  - Button has been clicked
2016-05-03 11:47:24 INFO  - Button has been clicked
2016-05-03 11:47:24 INFO  - Click on resource menu
2016-05-03 11:47:24 INFO  - Button has been clicked
2016-05-03 11:47:25 INFO  - [TRUE] Resource cscjiejfiejfiejfiejfiejfiejfiejfyytytytyt exists
2016-05-03 11:47:25 INFO  - Deleting by API:http://172.20.208.84:4040/resources/5728c8054471387c18d30388
2016-05-03 11:47:25 INFO  - DELETE Response:{"_id":"5728c8054471387c18d30388","description":"Resource12345","name":"cscjiejfiejfiejfiejfiejfiejfiejfyytytytyt","__v":0,"from":"","fontIcon":"fa fa-desktop","customName":"Resource12345"}
2016-05-03 11:47:26 INFO  - Button has been clicked
2016-05-03 11:47:26 INFO  - Click on resource menu
2016-05-03 11:47:28 INFO  - Button has been clicked
2016-05-03 11:51:00 INFO  - 'Administrator has been set up in input text
2016-05-03 11:51:00 INFO  - 'Control*123 has been set up in input text
2016-05-03 11:51:00 INFO  - Button has been clicked
2016-05-03 11:51:03 INFO  - Click on resource menu
2016-05-03 11:51:03 INFO  - Button has been clicked
2016-05-03 11:51:03 INFO  - Button has been clicked
2016-05-03 11:51:04 INFO  - 'nada' has been set
2016-05-03 11:51:04 INFO  - 'nada has been set up in 
2016-05-03 11:51:05 INFO  - 'New Computer has been set up in 
2016-05-03 11:51:06 INFO  - 'Icon' button has been selected
2016-05-03 11:51:06 INFO  - 'Save' button has been clicked
2016-05-03 11:51:09 INFO  - Button has been clicked
2016-05-03 11:51:09 INFO  - Click on resource menu
2016-05-03 11:51:10 INFO  - Button has been clicked
2016-05-03 11:51:10 INFO  - [TRUE] Resource nada exists
2016-05-03 11:51:10 INFO  - GET Response:OK
2016-05-03 11:51:10 INFO  - Deleting by API:http://172.20.208.84:4040/resources/5728c8ea4471387c18d30389
2016-05-03 11:51:10 INFO  - DELETE Response:{"_id":"5728c8ea4471387c18d30389","description":"New Computer","name":"nada","__v":0,"from":"","fontIcon":"fa fa-eye","customName":"nada"}
2016-05-03 12:02:22 INFO  - 'Administrator has been set up in input text
2016-05-03 12:02:22 INFO  - 'Control*123 has been set up in input text
2016-05-03 12:02:22 INFO  - Button has been clicked
2016-05-03 12:02:25 INFO  - Click on resource menu
2016-05-03 12:02:25 INFO  - Button has been clicked
2016-05-03 12:02:26 INFO  - Button has been clicked
2016-05-03 12:02:27 INFO  - 'nada' has been set
2016-05-03 12:02:27 INFO  - 'nada has been set up in 
2016-05-03 12:02:28 INFO  - 'New Computer has been set up in 
2016-05-03 12:02:29 INFO  - 'Icon' button has been selected
2016-05-03 12:02:29 INFO  - 'Save' button has been clicked
2016-05-03 12:02:32 INFO  - Button has been clicked
2016-05-03 12:02:32 INFO  - Click on resource menu
2016-05-03 12:02:32 INFO  - Button has been clicked
2016-05-03 12:02:33 INFO  - [TRUE] Resource nada exists
2016-05-03 12:02:33 INFO  - GET Response:OK
2016-05-03 12:02:33 INFO  - Deleting by API:http://172.20.208.84:4040/resources/5728cb954471387c18d3038a
2016-05-03 12:02:34 INFO  - DELETE Response:{"_id":"5728cb954471387c18d3038a","description":"New Computer","name":"nada","__v":0,"from":"","fontIcon":"fa fa-eye","customName":"nada"}
2016-05-03 12:02:40 INFO  - POST Response:{"_id":"5728cba04471387c18d3038b","description":"TestResource","name":"TestResource","__v":0,"from":"","fontIcon":"fa fa-fire","customName":"TestResource"}
2016-05-03 12:02:46 INFO  - 'SamuelSahonero has been set up in input text
2016-05-03 12:02:46 INFO  - 'Control123! has been set up in input text
2016-05-03 12:02:46 INFO  - Button has been clicked
2016-05-03 12:02:48 INFO  - Button has been clicked
2016-05-03 12:02:48 INFO  - Click on resource menu
2016-05-03 12:02:48 INFO  - Button has been clicked
2016-05-03 12:02:49 INFO  - Button has been clicked
2016-05-03 12:02:49 INFO  - Button has been clicked
2016-05-03 12:02:51 INFO  - Button has been clicked
2016-05-03 12:02:52 INFO  - Button has been clicked
2016-05-03 12:02:52 INFO  - Click on resource menu
2016-05-03 12:02:53 INFO  - Button has been clicked
2016-05-03 12:02:53 ERROR - [FALSE] Resource TestResource doesn't exist
2016-05-03 12:02:54 INFO  - POST Response:{"message":"","code":"InternalServerError"}
2016-05-03 12:02:55 INFO  - POST Response:{"_id":"5728cbaf4471387c18d3038d","description":"Resource12345","name":"Resource12345","__v":0,"from":"","fontIcon":"fa fa-desktop","customName":"Resource12345"}
2016-05-03 12:03:00 INFO  - 'Administrator has been set up in input text
2016-05-03 12:03:00 INFO  - 'Control*123 has been set up in input text
2016-05-03 12:03:02 INFO  - Button has been clicked
2016-05-03 12:03:04 INFO  - Button has been clicked
2016-05-03 12:03:04 INFO  - Click on resource menu
2016-05-03 12:03:04 INFO  - Button has been clicked
2016-05-03 12:03:05 INFO  - Element of the list has been selected for edit changes.
2016-05-03 12:03:05 ERROR - Double click on Resource Resource12345
2016-05-03 12:03:07 INFO  - 'cscjiejfiejfiejfiejfiejfiejfiejfyytytytyt has been set up in input text
2016-05-03 12:03:08 INFO  - Button has been clicked
2016-05-03 12:03:09 INFO  - Button has been clicked
2016-05-03 12:03:09 INFO  - Click on resource menu
2016-05-03 12:03:10 INFO  - Button has been clicked
2016-05-03 12:03:10 INFO  - [TRUE] Resource cscjiejfiejfiejfiejfiejfiejfiejfyytytytyt exists
2016-05-03 12:03:10 INFO  - Deleting by API:http://172.20.208.84:4040/resources/5728cbaf4471387c18d3038d
2016-05-03 12:03:10 INFO  - DELETE Response:{"_id":"5728cbaf4471387c18d3038d","description":"Resource12345","name":"cscjiejfiejfiejfiejfiejfiejfiejfyytytytyt","__v":0,"from":"","fontIcon":"fa fa-desktop","customName":"Resource12345"}
2016-05-03 12:03:12 INFO  - Button has been clicked
2016-05-03 12:03:12 INFO  - Click on resource menu
2016-05-03 12:03:13 INFO  - Button has been clicked
2016-05-03 12:08:05 INFO  - 'Administrator has been set up in input text
2016-05-03 12:08:06 INFO  - 'Control*123 has been set up in input text
2016-05-03 12:08:06 INFO  - Button has been clicked
2016-05-03 12:08:09 INFO  - Click on resource menu
2016-05-03 12:08:09 INFO  - Button has been clicked
2016-05-03 12:08:09 INFO  - Button has been clicked
2016-05-03 12:08:10 INFO  - 'nada' has been set
2016-05-03 12:08:10 INFO  - 'nada has been set up in 
2016-05-03 12:08:11 INFO  - 'New Computer has been set up in 
2016-05-03 12:08:12 INFO  - 'Icon' button has been selected
2016-05-03 12:08:12 INFO  - 'Save' button has been clicked
2016-05-03 12:08:16 INFO  - Button has been clicked
2016-05-03 12:08:16 INFO  - Click on resource menu
2016-05-03 12:08:16 INFO  - Button has been clicked
2016-05-03 12:08:17 INFO  - [TRUE] Resource nada exists
2016-05-03 12:08:17 INFO  - GET Response:OK
2016-05-03 12:08:17 INFO  - Deleting by API:http://172.20.208.84:4040/resources/5728ccec4471387c18d3038e
2016-05-03 12:08:17 INFO  - DELETE Response:{"_id":"5728ccec4471387c18d3038e","description":"New Computer","name":"nada","__v":0,"from":"","fontIcon":"fa fa-eye","customName":"nada"}
2016-05-03 12:08:23 INFO  - POST Response:{"_id":"5728ccf74471387c18d3038f","description":"TestResource","name":"TestResource","__v":0,"from":"","fontIcon":"fa fa-fire","customName":"TestResource"}
2016-05-03 12:08:28 INFO  - 'SamuelSahonero has been set up in input text
2016-05-03 12:08:29 INFO  - 'Control123! has been set up in input text
2016-05-03 12:08:29 INFO  - Button has been clicked
2016-05-03 12:08:30 INFO  - Button has been clicked
2016-05-03 12:08:30 INFO  - Click on resource menu
2016-05-03 12:08:31 INFO  - Button has been clicked
2016-05-03 12:08:32 INFO  - Button has been clicked
2016-05-03 12:08:32 INFO  - Button has been clicked
2016-05-03 12:08:32 INFO  - Button has been clicked
2016-05-03 12:08:33 INFO  - Button has been clicked
2016-05-03 12:08:33 INFO  - Click on resource menu
2016-05-03 12:08:34 INFO  - Button has been clicked
2016-05-03 12:08:34 ERROR - [FALSE] Resource TestResource doesn't exist
2016-05-03 12:08:34 INFO  - POST Response:{"message":"","code":"InternalServerError"}
2016-05-03 12:08:34 INFO  - POST Response:{"_id":"5728cd024471387c18d30391","description":"Resource12345","name":"Resource12345","__v":0,"from":"","fontIcon":"fa fa-desktop","customName":"Resource12345"}
2016-05-03 12:08:35 INFO  - 'Administrator has been set up in input text
2016-05-03 12:08:36 INFO  - 'Control*123 has been set up in input text
2016-05-03 12:08:36 INFO  - Button has been clicked
2016-05-03 12:08:39 INFO  - Button has been clicked
2016-05-03 12:08:39 INFO  - Click on resource menu
2016-05-03 12:08:40 INFO  - Button has been clicked
2016-05-03 12:08:42 INFO  - Element of the list has been selected for edit changes.
2016-05-03 12:08:42 ERROR - Double click on Resource Resource12345
2016-05-03 12:08:44 INFO  - 'cscjiejfiejfiejfiejfiejfiejfiejfyytytytyt has been set up in input text
2016-05-03 12:08:44 INFO  - Button has been clicked
2016-05-03 12:08:45 INFO  - Button has been clicked
2016-05-03 12:08:45 INFO  - Click on resource menu
2016-05-03 12:08:45 INFO  - Button has been clicked
2016-05-03 12:08:46 INFO  - [TRUE] Resource cscjiejfiejfiejfiejfiejfiejfiejfyytytytyt exists
2016-05-03 12:08:46 INFO  - Deleting by API:http://172.20.208.84:4040/resources/5728cd024471387c18d30391
2016-05-03 12:08:46 INFO  - DELETE Response:{"_id":"5728cd024471387c18d30391","description":"Resource12345","name":"cscjiejfiejfiejfiejfiejfiejfiejfyytytytyt","__v":0,"from":"","fontIcon":"fa fa-desktop","customName":"Resource12345"}
2016-05-03 12:08:48 INFO  - Button has been clicked
2016-05-03 12:08:48 INFO  - Click on resource menu
2016-05-03 12:08:49 INFO  - Button has been clicked
2016-05-03 12:13:14 INFO  - 'Administrator has been set up in input text
2016-05-03 12:13:14 INFO  - 'Control*123 has been set up in input text
2016-05-03 12:13:15 INFO  - Button has been clicked
2016-05-03 12:13:17 INFO  - Click on resource menu
2016-05-03 12:13:17 INFO  - Button has been clicked
2016-05-03 12:13:18 INFO  - Button has been clicked
2016-05-03 12:13:19 INFO  - 'nada' has been set
2016-05-03 12:13:19 INFO  - 'nada has been set up in 
2016-05-03 12:13:20 INFO  - 'New Computer has been set up in 
2016-05-03 12:13:21 INFO  - 'Icon' button has been selected
2016-05-03 12:13:21 INFO  - 'Save' button has been clicked
2016-05-03 12:13:24 INFO  - Button has been clicked
2016-05-03 12:13:24 INFO  - Click on resource menu
2016-05-03 12:13:24 INFO  - Button has been clicked
2016-05-03 12:13:24 INFO  - [TRUE] Resource nada exists
2016-05-03 12:13:25 INFO  - GET Response:OK
2016-05-03 12:13:25 INFO  - Deleting by API:http://172.20.208.84:4040/resources/5728ce214471387c18d30392
2016-05-03 12:13:25 INFO  - DELETE Response:{"_id":"5728ce214471387c18d30392","description":"New Computer","name":"nada","__v":0,"from":"","fontIcon":"fa fa-eye","customName":"nada"}
2016-05-03 12:13:31 INFO  - POST Response:{"_id":"5728ce2b4471387c18d30393","description":"TestResource","name":"TestResource","__v":0,"from":"","fontIcon":"fa fa-fire","customName":"TestResource"}
2016-05-03 12:13:36 INFO  - 'SamuelSahonero has been set up in input text
2016-05-03 12:13:37 INFO  - 'Control123! has been set up in input text
2016-05-03 12:13:37 INFO  - Button has been clicked
2016-05-03 12:13:38 INFO  - Button has been clicked
2016-05-03 12:13:38 INFO  - Click on resource menu
2016-05-03 12:13:39 INFO  - Button has been clicked
2016-05-03 12:13:39 INFO  - Button has been clicked
2016-05-03 12:13:39 INFO  - Button has been clicked
2016-05-03 12:13:41 INFO  - Button has been clicked
2016-05-03 12:13:42 INFO  - Button has been clicked
2016-05-03 12:13:42 INFO  - Click on resource menu
2016-05-03 12:13:43 INFO  - Button has been clicked
2016-05-03 12:13:43 ERROR - [FALSE] Resource TestResource doesn't exist
2016-05-03 12:13:44 INFO  - POST Response:{"message":"","code":"InternalServerError"}
2016-05-03 12:13:45 INFO  - POST Response:{"_id":"5728ce394471387c18d30395","description":"Resource12345","name":"Resource12345","__v":0,"from":"","fontIcon":"fa fa-desktop","customName":"Resource12345"}
2016-05-03 12:13:52 INFO  - 'Administrator has been set up in input text
2016-05-03 12:13:52 INFO  - 'Control*123 has been set up in input text
2016-05-03 12:13:53 INFO  - Button has been clicked
2016-05-03 12:13:55 INFO  - Button has been clicked
2016-05-03 12:13:55 INFO  - Click on resource menu
2016-05-03 12:13:55 INFO  - Button has been clicked
2016-05-03 12:13:57 INFO  - Element of the list has been selected for edit changes.
2016-05-03 12:13:57 ERROR - Double click on Resource Resource12345
2016-05-03 12:14:00 INFO  - 'cscjiejfiejfiejfiejfiejfiejfiejfyytytytyt has been set up in input text
2016-05-03 12:14:01 INFO  - Button has been clicked
2016-05-03 12:14:03 INFO  - Button has been clicked
2016-05-03 12:14:03 INFO  - Click on resource menu
2016-05-03 12:14:03 INFO  - Button has been clicked
2016-05-03 12:14:03 INFO  - [TRUE] Resource cscjiejfiejfiejfiejfiejfiejfiejfyytytytyt exists
2016-05-03 12:14:03 INFO  - Deleting by API:http://172.20.208.84:4040/resources/5728ce394471387c18d30395
2016-05-03 12:14:03 INFO  - DELETE Response:{"_id":"5728ce394471387c18d30395","description":"Resource12345","name":"cscjiejfiejfiejfiejfiejfiejfiejfyytytytyt","__v":0,"from":"","fontIcon":"fa fa-desktop","customName":"Resource12345"}
2016-05-03 12:14:07 INFO  - Button has been clicked
2016-05-03 12:14:07 INFO  - Click on resource menu
2016-05-03 12:14:07 INFO  - Button has been clicked
2016-05-03 13:41:50 INFO  - POST Response:{"_id":"5728e2de4471387c18d30399","description":"TestResource","name":"TestResource","__v":0,"from":"","fontIcon":"fa fa-fire","customName":"TestResource"}
2016-05-03 13:41:50 INFO  - POST Response:{"message":"","code":"InternalServerError"}
2016-05-03 13:41:50 INFO  - POST Response:{"_id":"5728e2de4471387c18d3039b","description":"Resource12345","name":"Resource12345","__v":0,"from":"","fontIcon":"fa fa-desktop","customName":"Resource12345"}
2016-05-03 13:44:05 INFO  - POST Response:{"message":"","code":"InternalServerError"}
2016-05-03 13:44:06 INFO  - POST Response:{"message":"","code":"InternalServerError"}
2016-05-03 13:44:06 INFO  - POST Response:{"message":"","code":"InternalServerError"}
2016-05-03 13:46:12 INFO  - 'Administrator has been set up in input text
2016-05-03 13:46:12 INFO  - 'Control*123 has been set up in input text
2016-05-03 13:46:13 INFO  - Button has been clicked
2016-05-03 13:46:16 INFO  - Click on resource menu
2016-05-03 13:46:16 INFO  - Button has been clicked
2016-05-03 13:46:17 INFO  - Button has been clicked
2016-05-03 13:46:18 INFO  - 'nada' has been set
2016-05-03 13:46:18 INFO  - 'nada has been set up in 
2016-05-03 13:46:19 INFO  - 'New Computer has been set up in 
2016-05-03 13:46:20 INFO  - 'Icon' button has been selected
2016-05-03 13:46:20 INFO  - 'Save' button has been clicked
2016-05-03 13:46:23 INFO  - Button has been clicked
2016-05-03 13:46:23 INFO  - Click on resource menu
2016-05-03 13:46:24 INFO  - Button has been clicked
2016-05-03 13:46:24 INFO  - [TRUE] Resource nada exists
2016-05-03 13:46:25 INFO  - GET Response:OK
2016-05-03 13:46:25 INFO  - Deleting by API:http://172.20.208.84:4040/resources/5728e3ec4471387c18d303a1
2016-05-03 13:46:25 INFO  - DELETE Response:{"_id":"5728e3ec4471387c18d303a1","description":"New Computer","name":"nada","__v":0,"from":"","fontIcon":"fa fa-eye","customName":"nada"}
2016-05-03 13:46:32 INFO  - POST Response:{"message":"","code":"InternalServerError"}
2016-05-03 13:46:33 INFO  - POST Response:{"message":"","code":"InternalServerError"}
2016-05-03 13:46:33 INFO  - POST Response:{"message":"","code":"InternalServerError"}
2016-05-03 13:50:21 INFO  - 'Administrator has been set up in input text
2016-05-03 13:50:22 INFO  - 'Control*123 has been set up in input text
2016-05-03 13:50:22 INFO  - Button has been clicked
2016-05-03 13:50:24 INFO  - Click on resource menu
2016-05-03 13:50:24 INFO  - Button has been clicked
2016-05-03 13:50:24 INFO  - Button has been clicked
2016-05-03 13:50:25 INFO  - 'nada' has been set
2016-05-03 13:50:26 INFO  - 'nada has been set up in 
2016-05-03 13:50:26 INFO  - 'New Computer has been set up in 
2016-05-03 13:50:27 INFO  - 'Icon' button has been selected
2016-05-03 13:50:27 INFO  - 'Save' button has been clicked
2016-05-03 13:50:30 INFO  - Button has been clicked
2016-05-03 13:50:30 INFO  - Click on resource menu
2016-05-03 13:50:31 INFO  - Button has been clicked
2016-05-03 13:50:31 INFO  - [TRUE] Resource nada exists
2016-05-03 13:50:31 INFO  - GET Response:OK
2016-05-03 13:50:31 INFO  - Deleting by API:http://172.20.208.84:4040/resources/5728e4e34471387c18d303a5
2016-05-03 13:50:31 INFO  - DELETE Response:{"_id":"5728e4e34471387c18d303a5","description":"New Computer","name":"nada","__v":0,"from":"","fontIcon":"fa fa-eye","customName":"nada"}
2016-05-03 13:50:33 INFO  - POST Response:{"message":"","code":"InternalServerError"}
2016-05-03 13:50:33 INFO  - POST Response:{"message":"","code":"InternalServerError"}
2016-05-03 13:50:34 INFO  - POST Response:{"message":"","code":"InternalServerError"}
2016-05-03 13:53:23 INFO  - 'Administrator has been set up in input text
2016-05-03 13:53:23 INFO  - 'Control*123 has been set up in input text
2016-05-03 13:53:24 INFO  - Button has been clicked
2016-05-03 13:53:25 INFO  - Click on resource menu
2016-05-03 13:53:25 INFO  - Button has been clicked
2016-05-03 13:53:26 INFO  - Button has been clicked
2016-05-03 13:53:27 INFO  - 'nada' has been set
2016-05-03 13:53:27 INFO  - 'nada has been set up in 
2016-05-03 13:53:28 INFO  - 'New Computer has been set up in 
2016-05-03 13:53:28 INFO  - 'Icon' button has been selected
2016-05-03 13:53:29 INFO  - 'Save' button has been clicked
2016-05-03 13:53:31 INFO  - Button has been clicked
2016-05-03 13:53:31 INFO  - Click on resource menu
2016-05-03 13:53:32 INFO  - Button has been clicked
2016-05-03 13:53:35 INFO  - POST Response:{"message":"","code":"InternalServerError"}
2016-05-03 13:53:35 INFO  - POST Response:{"message":"","code":"InternalServerError"}
2016-05-03 13:53:35 INFO  - POST Response:{"message":"","code":"InternalServerError"}
2016-05-03 14:03:07 INFO  - 'Administrator has been set up in input text
2016-05-03 14:03:08 INFO  - 'Control*123 has been set up in input text
2016-05-03 14:03:08 INFO  - Button has been clicked
2016-05-03 14:03:08 INFO  - Click on resource menu
2016-05-03 14:03:10 INFO  - Button has been clicked
2016-05-03 14:03:11 INFO  - Button has been clicked
2016-05-03 14:03:12 INFO  - 'nada' has been set
2016-05-03 14:03:13 INFO  - 'nada has been set up in 
2016-05-03 14:03:14 INFO  - 'New Computer has been set up in 
2016-05-03 14:03:15 INFO  - 'Icon' button has been selected
2016-05-03 14:03:15 INFO  - 'Save' button has been clicked
2016-05-03 14:03:19 INFO  - Button has been clicked
2016-05-03 14:03:19 INFO  - Click on resource menu
2016-05-03 14:03:19 INFO  - Button has been clicked
2016-05-03 14:03:20 INFO  - [TRUE] Resource nada exists
2016-05-03 14:03:20 INFO  - GET Response:OK
2016-05-03 14:03:20 INFO  - Deleting by API:http://172.20.208.84:4040/resources/5728e7e34471387c18d303c5
2016-05-03 14:03:20 INFO  - DELETE Response:{"_id":"5728e7e34471387c18d303c5","description":"New Computer","name":"nada","__v":0,"from":"","fontIcon":"fa fa-eye","customName":"nada"}
2016-05-03 14:03:23 INFO  - POST Response:{"_id":"5728e7eb4471387c18d303c6","description":"TestResource","name":"TestResource","__v":0,"from":"","fontIcon":"fa fa-fire","customName":"TestResource"}
2016-05-03 14:03:24 INFO  - 'SamuelSahonero has been set up in input text
2016-05-03 14:03:24 INFO  - 'Control123! has been set up in input text
2016-05-03 14:03:24 INFO  - Button has been clicked
2016-05-03 14:03:27 INFO  - Button has been clicked
2016-05-03 14:03:27 INFO  - Click on resource menu
2016-05-03 14:03:28 INFO  - Button has been clicked
2016-05-03 14:03:28 INFO  - Button has been clicked
2016-05-03 14:03:29 INFO  - Button has been clicked
2016-05-03 14:03:30 INFO  - Button has been clicked
2016-05-03 14:03:31 INFO  - Button has been clicked
2016-05-03 14:03:31 INFO  - Click on resource menu
2016-05-03 14:03:31 INFO  - Button has been clicked
2016-05-03 14:03:31 ERROR - [FALSE] Resource TestResource doesn't exist
2016-05-03 14:03:32 INFO  - POST Response:{"_id":"5728e7f44471387c18d303c7","description":"You are on fire","name":"Fire","__v":0,"from":"","fontIcon":"fa fa-fire","customName":"Fire-Ball"}
2016-05-03 14:03:32 INFO  - Button has been clicked
2016-05-03 14:03:34 INFO  - Button has been clicked
2016-05-03 14:03:34 INFO  - Click on resource menu
2016-05-03 14:03:35 INFO  - Button has been clicked
2016-05-03 14:03:36 INFO  - 'Fire has been set up in input text
2016-05-03 14:03:41 ERROR - [FALSE] Resource Fire doesn't exist
2016-05-03 14:03:50 INFO  - POST Response:{"_id":"5728e8064471387c18d303c8","description":"Resource12345","name":"Resource12345","__v":0,"from":"","fontIcon":"fa fa-desktop","customName":"Resource12345"}
2016-05-03 14:03:51 INFO  - 'Administrator has been set up in input text
2016-05-03 14:03:51 INFO  - 'Control*123 has been set up in input text
2016-05-03 14:03:52 INFO  - Button has been clicked
2016-05-03 14:03:54 INFO  - Button has been clicked
2016-05-03 14:03:54 INFO  - Click on resource menu
2016-05-03 14:03:55 INFO  - Button has been clicked
2016-05-03 14:03:56 INFO  - Element of the list has been selected for edit changes.
2016-05-03 14:03:56 ERROR - Double click on Resource Resource12345
2016-05-03 14:03:58 INFO  - 'cscjiejfiejfiejfiejfiejfiejfiejfyytytytyt has been set up in input text
2016-05-03 14:03:59 INFO  - Button has been clicked
2016-05-03 14:03:59 INFO  - Button has been clicked
2016-05-03 14:03:59 INFO  - Click on resource menu
2016-05-03 14:04:00 INFO  - Button has been clicked
2016-05-03 14:04:00 INFO  - [TRUE] Resource cscjiejfiejfiejfiejfiejfiejfiejfyytytytyt exists
2016-05-03 14:04:00 INFO  - Deleting by API:http://172.20.208.84:4040/resources/5728e8064471387c18d303c8
2016-05-03 14:04:00 INFO  - DELETE Response:{"_id":"5728e8064471387c18d303c8","description":"Resource12345","name":"cscjiejfiejfiejfiejfiejfiejfiejfyytytytyt","__v":0,"from":"","fontIcon":"fa fa-desktop","customName":"Resource12345"}
2016-05-03 14:04:02 INFO  - Button has been clicked
2016-05-03 14:04:02 INFO  - Click on resource menu
2016-05-03 14:04:03 INFO  - Button has been clicked
2016-05-03 14:08:01 INFO  - 'Administrator has been set up in input text
2016-05-03 14:08:01 INFO  - 'Control*123 has been set up in input text
2016-05-03 14:08:02 INFO  - Button has been clicked
2016-05-03 14:08:05 INFO  - Click on resource menu
2016-05-03 14:08:05 INFO  - Button has been clicked
2016-05-03 14:08:05 INFO  - Button has been clicked
2016-05-03 14:08:06 INFO  - 'nada' has been set
2016-05-03 14:08:07 INFO  - 'nada has been set up in 
2016-05-03 14:08:08 INFO  - 'New Computer has been set up in 
2016-05-03 14:08:08 INFO  - 'Icon' button has been selected
2016-05-03 14:08:09 INFO  - 'Save' button has been clicked
2016-05-03 14:08:12 INFO  - Button has been clicked
2016-05-03 14:08:12 INFO  - Click on resource menu
2016-05-03 14:08:12 INFO  - Button has been clicked
2016-05-03 14:08:13 INFO  - [TRUE] Resource nada exists
2016-05-03 14:08:26 INFO  - GET Response:OK
2016-05-03 14:08:26 INFO  - Deleting by API:http://172.20.208.84:4040/resources/5728e9084471387c18d303c9
2016-05-03 14:08:26 INFO  - DELETE Response:{"_id":"5728e9084471387c18d303c9","description":"New Computer","name":"nada","__v":0,"from":"","fontIcon":"fa fa-eye","customName":"nada"}
2016-05-03 14:08:30 INFO  - POST Response:{"_id":"5728e91e4471387c18d303ca","description":"TestResource","name":"TestResource","__v":0,"from":"","fontIcon":"fa fa-fire","customName":"TestResource"}
2016-05-03 14:08:38 INFO  - 'SamuelSahonero has been set up in input text
2016-05-03 14:08:38 INFO  - 'Control123! has been set up in input text
2016-05-03 14:08:39 INFO  - Button has been clicked
2016-05-03 14:08:40 INFO  - Button has been clicked
2016-05-03 14:08:40 INFO  - Click on resource menu
2016-05-03 14:08:40 INFO  - Button has been clicked
2016-05-03 14:08:41 INFO  - Button has been clicked
2016-05-03 14:08:42 INFO  - Button has been clicked
2016-05-03 14:08:43 INFO  - Button has been clicked
2016-05-03 14:08:45 INFO  - Button has been clicked
2016-05-03 14:08:45 INFO  - Click on resource menu
2016-05-03 14:08:45 INFO  - Button has been clicked
2016-05-03 14:08:45 ERROR - [FALSE] Resource TestResource doesn't exist
2016-05-03 14:08:47 INFO  - POST Response:{"message":"","code":"InternalServerError"}
2016-05-03 14:08:47 INFO  - POST Response:{"_id":"5728e92f4471387c18d303cc","description":"Resource12345","name":"Resource12345","__v":0,"from":"","fontIcon":"fa fa-desktop","customName":"Resource12345"}
2016-05-03 14:08:53 INFO  - 'Administrator has been set up in input text
2016-05-03 14:08:54 INFO  - 'Control*123 has been set up in input text
2016-05-03 14:08:54 INFO  - Button has been clicked
2016-05-03 14:08:56 INFO  - Button has been clicked
2016-05-03 14:08:56 INFO  - Click on resource menu
2016-05-03 14:08:56 INFO  - Button has been clicked
2016-05-03 14:08:57 INFO  - Element of the list has been selected for edit changes.
2016-05-03 14:08:57 ERROR - Double click on Resource Resource12345
2016-05-03 14:08:59 INFO  - 'cscjiejfiejfiejfiejfiejfiejfiejfyytytytyt has been set up in input text
2016-05-03 14:09:00 INFO  - Button has been clicked
2016-05-03 14:09:01 INFO  - Button has been clicked
2016-05-03 14:09:01 INFO  - Click on resource menu
2016-05-03 14:09:02 INFO  - Button has been clicked
2016-05-03 14:09:02 INFO  - [TRUE] Resource cscjiejfiejfiejfiejfiejfiejfiejfyytytytyt exists
2016-05-03 14:09:02 INFO  - Deleting by API:http://172.20.208.84:4040/resources/5728e92f4471387c18d303cc
2016-05-03 14:09:02 INFO  - DELETE Response:{"_id":"5728e92f4471387c18d303cc","description":"Resource12345","name":"cscjiejfiejfiejfiejfiejfiejfiejfyytytytyt","__v":0,"from":"","fontIcon":"fa fa-desktop","customName":"Resource12345"}
2016-05-03 14:09:04 INFO  - Button has been clicked
2016-05-03 14:09:04 INFO  - Click on resource menu
2016-05-03 14:09:04 INFO  - Button has been clicked
2016-05-03 14:10:52 INFO  - 'Administrator has been set up in input text
2016-05-03 14:10:52 INFO  - 'Control*123 has been set up in input text
2016-05-03 14:10:52 INFO  - Button has been clicked
2016-05-03 14:10:54 INFO  - Click on resource menu
2016-05-03 14:10:54 INFO  - Button has been clicked
2016-05-03 14:10:55 INFO  - Button has been clicked
2016-05-03 14:10:56 INFO  - 'nada' has been set
2016-05-03 14:10:56 INFO  - 'nada has been set up in 
2016-05-03 14:10:57 INFO  - 'New Computer has been set up in 
2016-05-03 14:10:57 INFO  - 'Icon' button has been selected
2016-05-03 14:10:58 INFO  - 'Save' button has been clicked
2016-05-03 14:11:00 INFO  - Button has been clicked
2016-05-03 14:11:00 INFO  - Click on resource menu
2016-05-03 14:11:00 INFO  - Button has been clicked
2016-05-03 14:11:01 INFO  - [TRUE] Resource nada exists
2016-05-03 14:11:01 INFO  - GET Response:OK
2016-05-03 14:11:01 INFO  - Deleting by API:http://172.20.208.84:4040/resources/5728e9b14471387c18d303cd
2016-05-03 14:11:01 INFO  - DELETE Response:{"_id":"5728e9b14471387c18d303cd","description":"New Computer","name":"nada","__v":0,"from":"","fontIcon":"fa fa-eye","customName":"nada"}
2016-05-03 14:11:04 INFO  - POST Response:{"_id":"5728e9b84471387c18d303ce","description":"TestResource","name":"TestResource","__v":0,"from":"","fontIcon":"fa fa-fire","customName":"TestResource"}
2016-05-03 14:11:08 INFO  - 'SamuelSahonero has been set up in input text
2016-05-03 14:11:08 INFO  - 'Control123! has been set up in input text
2016-05-03 14:11:09 INFO  - Button has been clicked
2016-05-03 14:11:10 INFO  - Button has been clicked
2016-05-03 14:11:10 INFO  - Click on resource menu
2016-05-03 14:11:10 INFO  - Button has been clicked
2016-05-03 14:11:11 INFO  - Button has been clicked
2016-05-03 14:11:11 INFO  - Button has been clicked
2016-05-03 14:11:12 INFO  - Button has been clicked
2016-05-03 14:11:13 INFO  - Button has been clicked
2016-05-03 14:11:13 INFO  - Click on resource menu
2016-05-03 14:13:27 INFO  - 'Administrator has been set up in input text
2016-05-03 14:13:28 INFO  - 'Control*123 has been set up in input text
2016-05-03 14:13:28 INFO  - Button has been clicked
2016-05-03 14:13:30 INFO  - Click on resource menu
2016-05-03 14:13:30 INFO  - Button has been clicked
2016-05-03 14:13:30 INFO  - Button has been clicked
2016-05-03 14:13:31 INFO  - 'nada' has been set
2016-05-03 14:13:31 INFO  - 'nada has been set up in 
2016-05-03 14:13:32 INFO  - 'New Computer has been set up in 
2016-05-03 14:13:33 INFO  - 'Icon' button has been selected
2016-05-03 14:13:33 INFO  - 'Save' button has been clicked
2016-05-03 14:13:35 INFO  - Button has been clicked
2016-05-03 14:13:35 INFO  - Click on resource menu
2016-05-03 14:13:35 INFO  - Button has been clicked
2016-05-03 14:13:35 INFO  - [TRUE] Resource nada exists
2016-05-03 14:13:36 INFO  - GET Response:OK
2016-05-03 14:13:36 INFO  - Deleting by API:http://172.20.208.84:4040/resources/5728ea4d4471387c18d303cf
2016-05-03 14:13:36 INFO  - DELETE Response:{"_id":"5728ea4d4471387c18d303cf","description":"New Computer","name":"nada","__v":0,"from":"","fontIcon":"fa fa-eye","customName":"nada"}
2016-05-03 14:13:37 INFO  - POST Response:{"_id":"5728ea514471387c18d303d0","description":"TestResource","name":"TestResource","__v":0,"from":"","fontIcon":"fa fa-fire","customName":"TestResource"}
2016-05-03 14:13:37 INFO  - 'SamuelSahonero has been set up in input text
2016-05-03 14:13:38 INFO  - 'Control123! has been set up in input text
2016-05-03 14:13:38 INFO  - Button has been clicked
2016-05-03 14:13:39 INFO  - Button has been clicked
2016-05-03 14:13:39 INFO  - Click on resource menu
2016-05-03 14:13:40 INFO  - Button has been clicked
2016-05-03 14:13:40 INFO  - Button has been clicked
2016-05-03 14:13:40 INFO  - Button has been clicked
2016-05-03 14:13:41 INFO  - Button has been clicked
2016-05-03 14:13:41 INFO  - Button has been clicked
2016-05-03 14:13:41 INFO  - Click on resource menu
2016-05-03 14:13:41 INFO  - Button has been clicked
2016-05-03 14:13:41 INFO  - [TRUE] Resource TestResource exists
2016-05-03 14:13:42 INFO  - POST Response:{"_id":"5728ea564471387c18d303d1","description":"You are on fire","name":"Fire","__v":0,"from":"","fontIcon":"fa fa-fire","customName":"Fire-Ball"}
2016-05-03 14:13:42 INFO  - Button has been clicked
2016-05-03 14:13:55 INFO  - Button has been clicked
2016-05-03 14:13:55 INFO  - Click on resource menu
2016-05-03 14:13:55 INFO  - Button has been clicked
2016-05-03 14:13:56 INFO  - 'Fire has been set up in input text
2016-05-03 14:13:59 ERROR - [FALSE] Resource Fire doesn't exist
2016-05-03 14:14:00 INFO  - POST Response:{"_id":"5728ea684471387c18d303d2","description":"Resource12345","name":"Resource12345","__v":0,"from":"","fontIcon":"fa fa-desktop","customName":"Resource12345"}
2016-05-03 14:14:01 INFO  - 'Administrator has been set up in input text
2016-05-03 14:14:01 INFO  - 'Control*123 has been set up in input text
2016-05-03 14:14:01 INFO  - Button has been clicked
2016-05-03 14:14:03 INFO  - Button has been clicked
2016-05-03 14:14:03 INFO  - Click on resource menu
2016-05-03 14:14:03 INFO  - Button has been clicked
2016-05-03 14:14:04 INFO  - Element of the list has been selected for edit changes.
2016-05-03 14:14:04 ERROR - Double click on Resource Resource12345
2016-05-03 14:14:05 INFO  - 'cscjiejfiejfiejfiejfiejfiejfiejfyytytytyt has been set up in input text
2016-05-03 14:14:06 INFO  - Button has been clicked
2016-05-03 14:14:06 INFO  - Button has been clicked
2016-05-03 14:14:06 INFO  - Click on resource menu
2016-05-03 14:14:06 INFO  - Button has been clicked
2016-05-03 14:14:06 INFO  - [TRUE] Resource cscjiejfiejfiejfiejfiejfiejfiejfyytytytyt exists
2016-05-03 14:14:06 INFO  - Deleting by API:http://172.20.208.84:4040/resources/5728ea684471387c18d303d2
2016-05-03 14:14:06 INFO  - DELETE Response:{"_id":"5728ea684471387c18d303d2","description":"Resource12345","name":"cscjiejfiejfiejfiejfiejfiejfiejfyytytytyt","__v":0,"from":"","fontIcon":"fa fa-desktop","customName":"Resource12345"}
2016-05-03 14:14:08 INFO  - Button has been clicked
2016-05-03 14:14:08 INFO  - Click on resource menu
2016-05-03 14:14:08 INFO  - Button has been clicked
2016-05-03 14:17:23 INFO  - 'Administrator has been set up in input text
2016-05-03 14:17:24 INFO  - 'Control*123 has been set up in input text
2016-05-03 14:17:24 INFO  - Button has been clicked
2016-05-03 14:17:25 INFO  - Click on resource menu
2016-05-03 14:17:25 INFO  - Button has been clicked
2016-05-03 14:17:26 INFO  - Button has been clicked
2016-05-03 14:17:27 INFO  - 'nada' has been set
2016-05-03 14:17:27 INFO  - 'nada has been set up in 
2016-05-03 14:17:28 INFO  - 'New Computer has been set up in 
2016-05-03 14:17:28 INFO  - 'Icon' button has been selected
2016-05-03 14:17:28 INFO  - 'Save' button has been clicked
2016-05-03 14:17:30 INFO  - Button has been clicked
2016-05-03 14:17:30 INFO  - Click on resource menu
2016-05-03 14:17:31 INFO  - Button has been clicked
2016-05-03 14:17:31 INFO  - [TRUE] Resource nada exists
2016-05-03 14:17:31 INFO  - GET Response:OK
2016-05-03 14:17:31 INFO  - Deleting by API:http://172.20.208.84:4040/resources/5728eb384471387c18d303d6
2016-05-03 14:17:31 INFO  - DELETE Response:{"_id":"5728eb384471387c18d303d6","description":"New Computer","name":"nada","__v":0,"from":"","fontIcon":"fa fa-eye","customName":"nada"}
2016-05-03 14:17:34 INFO  - POST Response:{"message":"","code":"InternalServerError"}
2016-05-03 14:17:34 INFO  - POST Response:{"message":"","code":"InternalServerError"}
2016-05-03 14:17:34 INFO  - POST Response:{"_id":"5728eb3e4471387c18d303d9","description":"Resource12345","name":"Resource12345","__v":0,"from":"","fontIcon":"fa fa-desktop","customName":"Resource12345"}
2016-05-03 14:17:35 INFO  - 'Administrator has been set up in input text
2016-05-03 14:17:35 INFO  - 'Control*123 has been set up in input text
2016-05-03 14:17:35 INFO  - Button has been clicked
2016-05-03 14:17:40 INFO  - Button has been clicked
2016-05-03 14:17:40 INFO  - Click on resource menu
2016-05-03 14:17:41 INFO  - Button has been clicked
2016-05-03 14:17:42 INFO  - Element of the list has been selected for edit changes.
2016-05-03 14:17:42 ERROR - Double click on Resource Resource12345
2016-05-03 14:17:43 INFO  - 'cscjiejfiejfiejfiejfiejfiejfiejfyytytytyt has been set up in input text
2016-05-03 14:17:43 INFO  - Button has been clicked
2016-05-03 14:17:44 INFO  - Button has been clicked
2016-05-03 14:17:44 INFO  - Click on resource menu
2016-05-03 14:17:44 INFO  - Button has been clicked
2016-05-03 14:17:44 INFO  - [TRUE] Resource cscjiejfiejfiejfiejfiejfiejfiejfyytytytyt exists
2016-05-03 14:17:44 INFO  - Deleting by API:http://172.20.208.84:4040/resources/5728eb3e4471387c18d303d9
2016-05-03 14:17:45 INFO  - DELETE Response:{"_id":"5728eb3e4471387c18d303d9","description":"Resource12345","name":"cscjiejfiejfiejfiejfiejfiejfiejfyytytytyt","__v":0,"from":"","fontIcon":"fa fa-desktop","customName":"Resource12345"}
2016-05-03 14:17:46 INFO  - Button has been clicked
2016-05-03 14:17:46 INFO  - Click on resource menu
2016-05-03 14:17:47 INFO  - Button has been clicked
2016-05-03 14:19:41 INFO  - 'Administrator has been set up in input text
2016-05-03 14:19:42 INFO  - 'Control*123 has been set up in input text
2016-05-03 14:19:42 INFO  - Button has been clicked
2016-05-03 14:19:42 INFO  - Click on resource menu
2016-05-03 14:20:33 INFO  - 'Administrator has been set up in input text
2016-05-03 14:20:33 INFO  - 'Control*123 has been set up in input text
2016-05-03 14:20:33 INFO  - Button has been clicked
2016-05-03 14:20:35 INFO  - Click on resource menu
2016-05-03 14:20:35 INFO  - Button has been clicked
2016-05-03 14:20:35 INFO  - Button has been clicked
2016-05-03 14:20:36 INFO  - 'nada' has been set
2016-05-03 14:20:36 INFO  - 'nada has been set up in 
2016-05-03 14:20:37 INFO  - 'New Computer has been set up in 
2016-05-03 14:21:23 INFO  - 'Administrator has been set up in input text
2016-05-03 14:21:23 INFO  - 'Control*123 has been set up in input text
2016-05-03 14:21:23 INFO  - Button has been clicked
2016-05-03 14:21:24 INFO  - Click on resource menu
2016-05-03 14:21:25 INFO  - Button has been clicked
2016-05-03 14:21:25 INFO  - Button has been clicked
2016-05-03 14:21:26 INFO  - 'nada' has been set
2016-05-03 14:21:26 INFO  - 'nada has been set up in 
2016-05-03 14:21:27 INFO  - 'New Computer has been set up in 
2016-05-03 14:21:27 INFO  - 'Icon' button has been selected
2016-05-03 14:21:27 INFO  - 'Save' button has been clicked
2016-05-03 14:21:30 INFO  - Button has been clicked
2016-05-03 14:21:30 INFO  - Click on resource menu
2016-05-03 14:21:30 INFO  - Button has been clicked
2016-05-03 14:21:30 INFO  - [TRUE] Resource nada exists
2016-05-03 14:21:31 INFO  - GET Response:OK
2016-05-03 14:21:31 INFO  - Deleting by API:http://172.20.208.84:4040/resources/5728ec274471387c18d303dd
2016-05-03 14:21:31 INFO  - DELETE Response:{"_id":"5728ec274471387c18d303dd","description":"New Computer","name":"nada","__v":0,"from":"","fontIcon":"fa fa-eye","customName":"nada"}
2016-05-03 14:21:33 INFO  - POST Response:{"_id":"5728ec2d4471387c18d303de","description":"TestResource","name":"TestResource","__v":0,"from":"","fontIcon":"fa fa-fire","customName":"TestResource"}
2016-05-03 14:21:34 INFO  - 'SamuelSahonero has been set up in input text
2016-05-03 14:21:34 INFO  - 'Control123! has been set up in input text
2016-05-03 14:21:34 INFO  - Button has been clicked
2016-05-03 14:21:35 INFO  - Button has been clicked
2016-05-03 14:21:35 INFO  - Click on resource menu
2016-05-03 14:21:36 INFO  - Button has been clicked
2016-05-03 14:21:36 INFO  - Button has been clicked
2016-05-03 14:21:37 INFO  - Button has been clicked
2016-05-03 14:21:37 INFO  - Button has been clicked
2016-05-03 14:21:37 INFO  - Button has been clicked
2016-05-03 14:21:37 INFO  - Click on resource menu
2016-05-03 14:21:38 INFO  - Button has been clicked
2016-05-03 14:21:38 ERROR - [FALSE] Resource TestResource doesn't exist
2016-05-03 14:21:38 INFO  - POST Response:{"_id":"5728ec324471387c18d303df","description":"You are on fire","name":"Fire","__v":0,"from":"","fontIcon":"fa fa-fire","customName":"Fire-Ball"}
2016-05-03 14:21:39 INFO  - Button has been clicked
2016-05-03 14:21:40 INFO  - Button has been clicked
2016-05-03 14:21:40 INFO  - Click on resource menu
2016-05-03 14:21:41 INFO  - Button has been clicked
2016-05-03 14:21:41 INFO  - 'Fire has been set up in input text
2016-05-03 14:21:53 ERROR - [FALSE] Resource Fire doesn't exist
2016-05-03 14:21:58 INFO  - POST Response:{"_id":"5728ec464471387c18d303e0","description":"Resource12345","name":"Resource12345","__v":0,"from":"","fontIcon":"fa fa-desktop","customName":"Resource12345"}
2016-05-03 14:21:59 INFO  - 'Administrator has been set up in input text
2016-05-03 14:21:59 INFO  - 'Control*123 has been set up in input text
2016-05-03 14:22:00 INFO  - Button has been clicked
2016-05-03 14:22:01 INFO  - Button has been clicked
2016-05-03 14:22:01 INFO  - Click on resource menu
2016-05-03 14:22:01 INFO  - Button has been clicked
2016-05-03 14:22:02 INFO  - Element of the list has been selected for edit changes.
2016-05-03 14:22:02 ERROR - Double click on Resource Resource12345
2016-05-03 14:22:03 INFO  - 'cscjiejfiejfiejfiejfiejfiejfiejfyytytytyt has been set up in input text
2016-05-03 14:22:03 INFO  - Button has been clicked
2016-05-03 14:22:04 INFO  - Button has been clicked
2016-05-03 14:22:04 INFO  - Click on resource menu
2016-05-03 14:22:04 INFO  - Button has been clicked
2016-05-03 14:22:04 INFO  - [TRUE] Resource cscjiejfiejfiejfiejfiejfiejfiejfyytytytyt exists
2016-05-03 14:22:04 INFO  - Deleting by API:http://172.20.208.84:4040/resources/5728ec464471387c18d303e0
2016-05-03 14:22:04 INFO  - DELETE Response:{"_id":"5728ec464471387c18d303e0","description":"Resource12345","name":"cscjiejfiejfiejfiejfiejfiejfiejfyytytytyt","__v":0,"from":"","fontIcon":"fa fa-desktop","customName":"Resource12345"}
2016-05-03 14:22:06 INFO  - Button has been clicked
2016-05-03 14:22:06 INFO  - Click on resource menu
2016-05-03 14:22:06 INFO  - Button has been clicked
2016-05-03 14:28:20 INFO  - 'Administrator has been set up in input text
2016-05-03 14:28:20 INFO  - 'Control*123 has been set up in input text
2016-05-03 14:28:20 INFO  - Button has been clicked
2016-05-03 14:28:21 INFO  - Click on resource menu
2016-05-03 14:28:22 INFO  - Button has been clicked
2016-05-03 14:28:22 INFO  - Button has been clicked
2016-05-03 14:28:23 INFO  - 'nada' has been set
2016-05-03 14:28:23 INFO  - 'nada has been set up in 
2016-05-03 14:28:24 INFO  - 'New Computer has been set up in 
2016-05-03 14:28:25 INFO  - 'Icon' button has been selected
2016-05-03 14:28:25 INFO  - 'Save' button has been clicked
2016-05-03 14:28:27 INFO  - Button has been clicked
2016-05-03 14:28:27 INFO  - Click on resource menu
2016-05-03 14:28:28 INFO  - Button has been clicked
2016-05-03 14:28:28 INFO  - [TRUE] Resource nada exists
2016-05-03 14:28:28 INFO  - GET Response:OK
2016-05-03 14:28:28 INFO  - Deleting by API:http://172.20.208.84:4040/resources/5728edc94471387c18d303e4
2016-05-03 14:28:28 INFO  - DELETE Response:{"_id":"5728edc94471387c18d303e4","description":"New Computer","name":"nada","__v":0,"from":"","fontIcon":"fa fa-eye","customName":"nada"}
2016-05-03 14:28:31 INFO  - POST Response:{"_id":"5728edcf4471387c18d303e5","description":"TestResource","name":"TestResource","__v":0,"from":"","fontIcon":"fa fa-fire","customName":"TestResource"}
2016-05-03 14:28:31 INFO  - 'SamuelSahonero has been set up in input text
2016-05-03 14:28:32 INFO  - 'Control123! has been set up in input text
2016-05-03 14:28:32 INFO  - Button has been clicked
2016-05-03 14:28:33 INFO  - Button has been clicked
2016-05-03 14:28:33 INFO  - Click on resource menu
2016-05-03 14:28:34 INFO  - Button has been clicked
2016-05-03 14:28:34 INFO  - Button has been clicked
2016-05-03 14:28:35 INFO  - Button has been clicked
2016-05-03 14:28:35 INFO  - Button has been clicked
2016-05-03 14:28:35 INFO  - Button has been clicked
2016-05-03 14:28:35 INFO  - Click on resource menu
2016-05-03 14:28:35 INFO  - Button has been clicked
2016-05-03 14:28:35 INFO  - [TRUE] Resource TestResource exists
2016-05-03 14:28:36 INFO  - POST Response:{"message":"","code":"InternalServerError"}
2016-05-03 14:28:36 INFO  - POST Response:{"_id":"5728edd44471387c18d303e7","description":"Resource12345","name":"Resource12345","__v":0,"from":"","fontIcon":"fa fa-desktop","customName":"Resource12345"}
2016-05-03 14:28:36 INFO  - 'Administrator has been set up in input text
2016-05-03 14:28:37 INFO  - 'Control*123 has been set up in input text
2016-05-03 14:28:37 INFO  - Button has been clicked
2016-05-03 14:28:42 INFO  - Button has been clicked
2016-05-03 14:28:42 INFO  - Click on resource menu
2016-05-03 14:28:43 INFO  - Button has been clicked
2016-05-03 14:28:44 INFO  - Element of the list has been selected for edit changes.
2016-05-03 14:28:44 ERROR - Double click on Resource Resource12345
2016-05-03 14:28:45 INFO  - 'cscjiejfiejfiejfiejfiejfiejfiejfyytytytyt has been set up in input text
2016-05-03 14:28:45 INFO  - Button has been clicked
2016-05-03 14:28:45 INFO  - Button has been clicked
2016-05-03 14:28:45 INFO  - Click on resource menu
2016-05-03 14:28:46 INFO  - Button has been clicked
2016-05-03 14:28:46 INFO  - [TRUE] Resource cscjiejfiejfiejfiejfiejfiejfiejfyytytytyt exists
2016-05-03 14:28:46 INFO  - Deleting by API:http://172.20.208.84:4040/resources/5728edd44471387c18d303e7
2016-05-03 14:28:46 INFO  - DELETE Response:{"_id":"5728edd44471387c18d303e7","description":"Resource12345","name":"cscjiejfiejfiejfiejfiejfiejfiejfyytytytyt","__v":0,"from":"","fontIcon":"fa fa-desktop","customName":"Resource12345"}
2016-05-03 14:28:48 INFO  - Button has been clicked
2016-05-03 14:28:48 INFO  - Click on resource menu
2016-05-03 14:28:48 INFO  - Button has been clicked
2016-05-03 14:32:55 INFO  - 'Administrator has been set up in input text
2016-05-03 14:32:56 INFO  - 'Control*123 has been set up in input text
2016-05-03 14:32:56 INFO  - Button has been clicked
2016-05-03 14:32:57 INFO  - Click on resource menu
2016-05-03 14:32:58 INFO  - Button has been clicked
2016-05-03 14:32:58 INFO  - Button has been clicked
2016-05-03 14:32:59 INFO  - 'nada' has been set
2016-05-03 14:32:59 INFO  - 'nada has been set up in 
2016-05-03 14:33:00 INFO  - 'New Computer has been set up in 
2016-05-03 14:33:01 INFO  - 'Icon' button has been selected
2016-05-03 14:33:01 INFO  - 'Save' button has been clicked
2016-05-03 14:33:02 INFO  - Button has been clicked
2016-05-03 14:33:02 INFO  - Click on resource menu
2016-05-03 14:33:03 INFO  - Button has been clicked
2016-05-03 14:33:03 INFO  - [TRUE] Resource nada exists
2016-05-03 14:33:04 INFO  - GET Response:OK
2016-05-03 14:33:04 INFO  - Deleting by API:http://172.20.208.84:4040/resources/5728eedd4471387c18d303ef
2016-05-03 14:33:04 INFO  - DELETE Response:{"_id":"5728eedd4471387c18d303ef","description":"New Computer","name":"nada","__v":0,"from":"","fontIcon":"fa fa-eye","customName":"nada"}
2016-05-03 14:33:05 INFO  - POST Response:{"message":"","code":"InternalServerError"}
2016-05-03 14:33:05 INFO  - POST Response:{"message":"","code":"InternalServerError"}
2016-05-03 14:33:05 INFO  - POST Response:{"_id":"5728eee14471387c18d303f2","description":"Resource12345","name":"Resource12345","__v":0,"from":"","fontIcon":"fa fa-desktop","customName":"Resource12345"}
2016-05-03 14:33:06 INFO  - 'Administrator has been set up in input text
2016-05-03 14:33:06 INFO  - 'Control*123 has been set up in input text
2016-05-03 14:33:06 INFO  - Button has been clicked
2016-05-03 14:33:08 INFO  - Button has been clicked
2016-05-03 14:33:08 INFO  - Click on resource menu
2016-05-03 14:33:08 INFO  - Button has been clicked
2016-05-03 14:33:09 INFO  - Element of the list has been selected for edit changes.
2016-05-03 14:33:09 ERROR - Double click on Resource Resource12345
2016-05-03 14:33:10 INFO  - 'cscjiejfiejfiejfiejfiejfiejfiejfyytytytyt has been set up in input text
2016-05-03 14:33:11 INFO  - Button has been clicked
2016-05-03 14:33:11 INFO  - Button has been clicked
2016-05-03 14:33:11 INFO  - Click on resource menu
2016-05-03 14:33:11 INFO  - Button has been clicked
2016-05-03 14:33:11 INFO  - [TRUE] Resource cscjiejfiejfiejfiejfiejfiejfiejfyytytytyt exists
2016-05-03 14:33:11 INFO  - Deleting by API:http://172.20.208.84:4040/resources/5728eee14471387c18d303f2
2016-05-03 14:33:12 INFO  - DELETE Response:{"_id":"5728eee14471387c18d303f2","description":"Resource12345","name":"cscjiejfiejfiejfiejfiejfiejfiejfyytytytyt","__v":0,"from":"","fontIcon":"fa fa-desktop","customName":"Resource12345"}
2016-05-03 14:33:13 INFO  - Button has been clicked
2016-05-03 14:33:13 INFO  - Click on resource menu
2016-05-03 14:33:14 INFO  - Button has been clicked
2016-05-03 14:34:22 INFO  - POST Response:{"message":"","code":"InternalServerError"}
2016-05-03 14:34:23 INFO  - POST Response:{"message":"","code":"InternalServerError"}
2016-05-03 14:34:23 INFO  - POST Response:{"_id":"5728ef2f4471387c18d303f8","description":"Resource12345","name":"Resource12345","__v":0,"from":"","fontIcon":"fa fa-desktop","customName":"Resource12345"}
2016-05-03 14:39:09 INFO  - 'Administrator has been set up in input text
2016-05-03 14:39:09 INFO  - 'Control*123 has been set up in input text
2016-05-03 14:39:10 INFO  - Button has been clicked
2016-05-03 14:39:10 INFO  - Click on resource menu
2016-05-03 14:39:11 INFO  - Button has been clicked
2016-05-03 14:39:12 INFO  - Button has been clicked
2016-05-03 14:39:12 INFO  - 'nada' has been set
2016-05-03 14:39:13 INFO  - 'nada has been set up in 
2016-05-03 14:39:13 INFO  - 'New Computer has been set up in 
2016-05-03 14:39:14 INFO  - 'Icon' button has been selected
2016-05-03 14:39:14 INFO  - 'Save' button has been clicked
2016-05-03 14:39:16 INFO  - Button has been clicked
2016-05-03 14:39:16 INFO  - Click on resource menu
2016-05-03 14:39:17 INFO  - Button has been clicked
2016-05-03 14:39:17 INFO  - [TRUE] Resource nada exists
2016-05-03 14:39:17 INFO  - GET Response:OK
2016-05-03 14:39:17 INFO  - Deleting by API:http://172.20.208.84:4040/resources/5728f0524471387c18d3040c
2016-05-03 14:39:17 INFO  - DELETE Response:{"_id":"5728f0524471387c18d3040c","description":"New Computer","name":"nada","__v":0,"from":"","fontIcon":"fa fa-eye","customName":"nada"}
2016-05-03 14:39:18 INFO  - POST Response:{"message":"","code":"InternalServerError"}
2016-05-03 14:39:19 INFO  - POST Response:{"message":"","code":"InternalServerError"}
2016-05-03 14:39:19 INFO  - POST Response:{"message":"","code":"InternalServerError"}
2016-05-03 14:51:12 INFO  - 'Administrator has been set up in input text
2016-05-03 14:51:12 INFO  - 'Control*123 has been set up in input text
2016-05-03 14:51:12 INFO  - Button has been clicked
2016-05-03 14:51:13 INFO  - Click on resource menu
2016-05-03 14:51:13 INFO  - Button has been clicked
2016-05-03 14:51:14 INFO  - Button has been clicked
2016-05-03 14:51:15 INFO  - 'nada' has been set
2016-05-03 14:51:15 INFO  - 'nada has been set up in 
2016-05-03 14:51:16 INFO  - 'New Computer has been set up in 
2016-05-03 14:51:16 INFO  - 'Icon' button has been selected
2016-05-03 14:51:17 INFO  - 'Save' button has been clicked
2016-05-03 14:51:18 INFO  - Button has been clicked
2016-05-03 14:51:18 INFO  - Click on resource menu
2016-05-03 14:51:19 INFO  - Button has been clicked
2016-05-03 14:51:19 INFO  - [TRUE] Resource nada exists
2016-05-03 14:51:19 INFO  - GET Response:OK
2016-05-03 14:51:19 INFO  - Deleting by API:http://172.20.208.84:4040/resources/5728f3244471387c18d3041f
2016-05-03 14:51:19 INFO  - DELETE Response:{"_id":"5728f3244471387c18d3041f","description":"New Computer","name":"nada","__v":0,"from":"","fontIcon":"fa fa-eye","customName":"nada"}
2016-05-03 14:51:22 INFO  - POST Response:{"message":"","code":"InternalServerError"}
2016-05-03 14:51:23 INFO  - POST Response:{"message":"","code":"InternalServerError"}
2016-05-03 14:51:23 INFO  - POST Response:{"_id":"5728f32b4471387c18d30422","description":"Resource12345","name":"Resource12345","__v":0,"from":"","fontIcon":"fa fa-desktop","customName":"Resource12345"}
2016-05-03 14:51:23 INFO  - 'Administrator has been set up in input text
2016-05-03 14:51:24 INFO  - 'Control*123 has been set up in input text
2016-05-03 14:51:24 INFO  - Button has been clicked
2016-05-03 14:51:25 INFO  - Button has been clicked
2016-05-03 14:51:25 INFO  - Click on resource menu
